{"/Users/JEREMY/Projets/OpenClassRoom/projet 12/p12-front-end-dashboard/src/App.tsx": {"path":"/Users/JEREMY/Projets/OpenClassRoom/projet 12/p12-front-end-dashboard/src/App.tsx","statementMap":{"0":{"start":{"line":2,"column":0},"end":{"line":2,"column":70}},"1":{"start":{"line":3,"column":0},"end":{"line":3,"column":84}},"2":{"start":{"line":5,"column":12},"end":{"line":21,"column":1}},"3":{"start":{"line":7,"column":21},"end":{"line":14,"column":null}},"4":{"start":{"line":15,"column":2},"end":{"line":20,"column":null}},"5":{"start":{"line":23,"column":0},"end":{"line":23,"column":null}}},"fnMap":{"0":{"name":"(anonymous_0)","decl":{"start":{"line":5,"column":12},"end":{"line":5,"column":15}},"loc":{"start":{"line":5,"column":17},"end":{"line":21,"column":1}}}},"branchMap":{},"s":{"0":0,"1":0,"2":0,"3":0,"4":0,"5":0},"f":{"0":0},"b":{}}
,"/Users/JEREMY/Projets/OpenClassRoom/projet 12/p12-front-end-dashboard/src/components/AsideNavigationBar/AsideNavigationBar.tsx": {"path":"/Users/JEREMY/Projets/OpenClassRoom/projet 12/p12-front-end-dashboard/src/components/AsideNavigationBar/AsideNavigationBar.tsx","statementMap":{"0":{"start":{"line":2,"column":0},"end":{"line":2,"column":32}},"1":{"start":{"line":3,"column":0},"end":{"line":3,"column":33}},"2":{"start":{"line":10,"column":27},"end":{"line":25,"column":1}},"3":{"start":{"line":11,"column":4},"end":{"line":24,"column":6}},"4":{"start":{"line":15,"column":20},"end":{"line":19,"column":22}},"5":{"start":{"line":27,"column":0},"end":{"line":27,"column":34}}},"fnMap":{"0":{"name":"(anonymous_0)","decl":{"start":{"line":10,"column":27},"end":{"line":10,"column":28}},"loc":{"start":{"line":10,"column":84},"end":{"line":25,"column":1}}},"1":{"name":"(anonymous_1)","decl":{"start":{"line":14,"column":30},"end":{"line":14,"column":31}},"loc":{"start":{"line":14,"column":46},"end":{"line":20,"column":17}}}},"branchMap":{"0":{"loc":{"start":{"line":22,"column":43},"end":{"line":22,"column":93}},"type":"cond-expr","locations":[{"start":{"line":22,"column":55},"end":{"line":22,"column":64}},{"start":{"line":22,"column":67},"end":{"line":22,"column":93}}]}},"s":{"0":1,"1":1,"2":1,"3":1,"4":4,"5":1},"f":{"0":1,"1":4},"b":{"0":[0,1]}}
,"/Users/JEREMY/Projets/OpenClassRoom/projet 12/p12-front-end-dashboard/src/components/Icon/Icon.tsx": {"path":"/Users/JEREMY/Projets/OpenClassRoom/projet 12/p12-front-end-dashboard/src/components/Icon/Icon.tsx","statementMap":{"0":{"start":{"line":2,"column":0},"end":{"line":2,"column":61}},"1":{"start":{"line":3,"column":0},"end":{"line":3,"column":65}},"2":{"start":{"line":5,"column":0},"end":{"line":5,"column":19}},"3":{"start":{"line":9,"column":13},"end":{"line":15,"column":1}},"4":{"start":{"line":10,"column":4},"end":{"line":14,"column":6}},"5":{"start":{"line":17,"column":0},"end":{"line":20,"column":2}},"6":{"start":{"line":22,"column":0},"end":{"line":22,"column":20}}},"fnMap":{"0":{"name":"(anonymous_0)","decl":{"start":{"line":9,"column":13},"end":{"line":9,"column":14}},"loc":{"start":{"line":9,"column":48},"end":{"line":15,"column":1}}}},"branchMap":{},"s":{"0":2,"1":2,"2":2,"3":2,"4":6,"5":2,"6":2},"f":{"0":6},"b":{}}
,"/Users/JEREMY/Projets/OpenClassRoom/projet 12/p12-front-end-dashboard/src/hooks/useGetUser.ts": {"path":"/Users/JEREMY/Projets/OpenClassRoom/projet 12/p12-front-end-dashboard/src/hooks/useGetUser.ts","statementMap":{"0":{"start":{"line":1,"column":0},"end":{"line":1,"column":44}},"1":{"start":{"line":2,"column":0},"end":{"line":2,"column":42}},"2":{"start":{"line":6,"column":19},"end":{"line":33,"column":1}},"3":{"start":{"line":7,"column":36},"end":{"line":7,"column":60}},"4":{"start":{"line":8,"column":28},"end":{"line":8,"column":52}},"5":{"start":{"line":9,"column":26},"end":{"line":9,"column":53}},"6":{"start":{"line":11,"column":22},"end":{"line":22,"column":3}},"7":{"start":{"line":12,"column":4},"end":{"line":12,"column":null}},"8":{"start":{"line":14,"column":4},"end":{"line":19,"column":null}},"9":{"start":{"line":15,"column":23},"end":{"line":15,"column":44}},"10":{"start":{"line":16,"column":6},"end":{"line":16,"column":null}},"11":{"start":{"line":18,"column":6},"end":{"line":18,"column":null}},"12":{"start":{"line":21,"column":4},"end":{"line":21,"column":null}},"13":{"start":{"line":24,"column":2},"end":{"line":26,"column":15}},"14":{"start":{"line":25,"column":4},"end":{"line":25,"column":null}},"15":{"start":{"line":28,"column":2},"end":{"line":32,"column":null}},"16":{"start":{"line":35,"column":0},"end":{"line":35,"column":26}}},"fnMap":{"0":{"name":"(anonymous_0)","decl":{"start":{"line":6,"column":19},"end":{"line":6,"column":20}},"loc":{"start":{"line":6,"column":38},"end":{"line":33,"column":1}}},"1":{"name":"(anonymous_1)","decl":{"start":{"line":11,"column":22},"end":{"line":11,"column":27}},"loc":{"start":{"line":11,"column":33},"end":{"line":22,"column":3}}},"2":{"name":"(anonymous_2)","decl":{"start":{"line":24,"column":12},"end":{"line":24,"column":15}},"loc":{"start":{"line":24,"column":17},"end":{"line":26,"column":3}}}},"branchMap":{},"s":{"0":1,"1":1,"2":1,"3":6,"4":6,"5":6,"6":6,"7":2,"8":2,"9":2,"10":1,"11":1,"12":2,"13":6,"14":2,"15":6,"16":1},"f":{"0":6,"1":2,"2":2},"b":{}}
,"/Users/JEREMY/Projets/OpenClassRoom/projet 12/p12-front-end-dashboard/src/model/userModel.ts": {"path":"/Users/JEREMY/Projets/OpenClassRoom/projet 12/p12-front-end-dashboard/src/model/userModel.ts","statementMap":{"0":{"start":{"line":5,"column":62},"end":{"line":5,"column":66}},"1":{"start":{"line":6,"column":8},"end":{"line":11,"column":10}},"2":{"start":{"line":15,"column":37},"end":{"line":15,"column":41}},"3":{"start":{"line":17,"column":8},"end":{"line":26,"column":10}},"4":{"start":{"line":20,"column":16},"end":{"line":24,"column":null}},"5":{"start":{"line":3,"column":0},"end":{"line":3,"column":13}}},"fnMap":{"0":{"name":"(anonymous_0)","decl":{"start":{"line":4,"column":4},"end":{"line":4,"column":10}},"loc":{"start":{"line":4,"column":29},"end":{"line":12,"column":5}}},"1":{"name":"(anonymous_1)","decl":{"start":{"line":14,"column":4},"end":{"line":14,"column":10}},"loc":{"start":{"line":14,"column":45},"end":{"line":27,"column":5}}},"2":{"name":"(anonymous_2)","decl":{"start":{"line":19,"column":35},"end":{"line":19,"column":42}},"loc":{"start":{"line":19,"column":45},"end":{"line":25,"column":13}}}},"branchMap":{"0":{"loc":{"start":{"line":9,"column":24},"end":{"line":9,"column":43}},"type":"binary-expr","locations":[{"start":{"line":9,"column":24},"end":{"line":9,"column":34}},{"start":{"line":9,"column":38},"end":{"line":9,"column":43}}]}},"s":{"0":1,"1":1,"2":1,"3":1,"4":2,"5":1},"f":{"0":1,"1":1,"2":2},"b":{"0":[1,1]}}
}
